Построение начато 24.03.2016 13:55:38.
     1>Проект "C:\Users\Ivan\documents\visual studio 2010\Projects\Lab_1_oop\Lab_1_oop\Lab_1_oop.vcxproj" в узле 2 (целевые объекты build).
     1>InitializeBuildStatus:
         Создание "Debug\Lab_1_oop.unsuccessfulbuild", так как было задано "AlwaysCreate".
       ClCompile:
         C:\Program Files (x86)\Microsoft Visual Studio 10.0\VC\bin\CL.exe /c /ZI /nologo /W3 /WX- /Od /Oy- /D WIN32 /D _DEBUG /D _CONSOLE /D _UNICODE /D UNICODE /Gm /EHsc /RTC1 /MDd /GS /fp:precise /Zc:wchar_t /Zc:forScope /Fo"Debug\\" /Fd"Debug\vc100.pdb" /Gd /TP /analyze- /errorReport:prompt main_str.cpp
         main_str.cpp
       Link:
         C:\Program Files (x86)\Microsoft Visual Studio 10.0\VC\bin\link.exe /ERRORREPORT:PROMPT /OUT:"C:\Users\Ivan\documents\visual studio 2010\Projects\Lab_1_oop\Debug\Lab_1_oop.exe" /INCREMENTAL:NO /NOLOGO kernel32.lib user32.lib gdi32.lib winspool.lib comdlg32.lib advapi32.lib shell32.lib ole32.lib oleaut32.lib uuid.lib odbc32.lib odbccp32.lib /MANIFEST /ManifestFile:"Debug\Lab_1_oop.exe.intermediate.manifest" /MANIFESTUAC:"level='asInvoker' uiAccess='false'" /DEBUG /PDB:"C:\Users\Ivan\documents\visual studio 2010\Projects\Lab_1_oop\Debug\Lab_1_oop.pdb" /SUBSYSTEM:CONSOLE /TLBID:1 /DYNAMICBASE /NXCOMPAT /IMPLIB:"C:\Users\Ivan\documents\visual studio 2010\Projects\Lab_1_oop\Debug\Lab_1_oop.lib" /MACHINE:X86 Debug\main_str.obj
         Debug\StringList.obj
     1>main_str.obj : warning LNK4075: не учитывается "/EDITANDCONTINUE" из-за спецификации "/INCREMENTAL:NO"
         Lab_1_oop.vcxproj -> C:\Users\Ivan\documents\visual studio 2010\Projects\Lab_1_oop\Debug\Lab_1_oop.exe
       Manifest:
         C:\Program Files (x86)\Microsoft SDKs\Windows\v7.0A\bin\mt.exe /nologo /verbose /outputresource:"C:\Users\Ivan\documents\visual studio 2010\Projects\Lab_1_oop\Debug\Lab_1_oop.exe;#1" /manifest Debug\Lab_1_oop.exe.intermediate.manifest
       FinalizeBuildStatus:
         Файл "Debug\Lab_1_oop.unsuccessfulbuild" удаляется.
         Обращение к "Debug\Lab_1_oop.lastbuildstate".
     1>Построение проекта "C:\Users\Ivan\documents\visual studio 2010\Projects\Lab_1_oop\Lab_1_oop\Lab_1_oop.vcxproj" завершено (целевые объекты build).

Построение успешно завершено.

Затраченное время: 00:00:01.09
