Построение начато 21.03.2016 1:48:16.
     1>Проект "D:\KPI\семестр 3\ООП\Laba_1\Laba_1\Laba_1.vcxproj" в узле 2 (целевые объекты build).
     1>InitializeBuildStatus:
         Обращение к "Debug\Laba_1.unsuccessfulbuild".
       ClCompile:
         C:\Program Files (x86)\Microsoft Visual Studio 10.0\VC\bin\CL.exe /c /ZI /nologo /W3 /WX- /Od /Oy- /D WIN32 /D _DEBUG /D _CONSOLE /D _UNICODE /D UNICODE /Gm /EHsc /RTC1 /MDd /GS /fp:precise /Zc:wchar_t /Zc:forScope /Fo"Debug\\" /Fd"Debug\vc100.pdb" /Gd /TC /analyze- /errorReport:prompt golmain.c
         golmain.c
     1>d:\kpi\семестр 3\ооп\laba_1\laba_1\golmain.c(11): warning C4996: 'strcpy': This function or variable may be unsafe. Consider using strcpy_s instead. To disable deprecation, use _CRT_SECURE_NO_WARNINGS. See online help for details.
                 c:\program files (x86)\microsoft visual studio 10.0\vc\include\string.h(105): см. объявление "strcpy"
     1>d:\kpi\семестр 3\ооп\laba_1\laba_1\golmain.c(12): warning C4996: 'strcpy': This function or variable may be unsafe. Consider using strcpy_s instead. To disable deprecation, use _CRT_SECURE_NO_WARNINGS. See online help for details.
                 c:\program files (x86)\microsoft visual studio 10.0\vc\include\string.h(105): см. объявление "strcpy"
     1>d:\kpi\семестр 3\ооп\laba_1\laba_1\golmain.c(13): warning C4996: 'strcpy': This function or variable may be unsafe. Consider using strcpy_s instead. To disable deprecation, use _CRT_SECURE_NO_WARNINGS. See online help for details.
                 c:\program files (x86)\microsoft visual studio 10.0\vc\include\string.h(105): см. объявление "strcpy"
     1>d:\kpi\семестр 3\ооп\laba_1\laba_1\golmain.c(8): warning C4101: p: неиспользованная локальная переменная
     1>d:\kpi\семестр 3\ооп\laba_1\laba_1\golmain.c(7): warning C4101: n: неиспользованная локальная переменная
     1>d:\kpi\семестр 3\ооп\laba_1\laba_1\golmain.c(7): warning C4101: i: неиспользованная локальная переменная
       ManifestResourceCompile:
         Для всех выходных данных обновления не требуется.
       Link:
         C:\Program Files (x86)\Microsoft Visual Studio 10.0\VC\bin\link.exe /ERRORREPORT:PROMPT /OUT:"D:\KPI\семестр 3\ООП\Laba_1\Debug\Laba_1.exe" /INCREMENTAL /NOLOGO kernel32.lib user32.lib gdi32.lib winspool.lib comdlg32.lib advapi32.lib shell32.lib ole32.lib oleaut32.lib uuid.lib odbc32.lib odbccp32.lib /MANIFEST /ManifestFile:"Debug\Laba_1.exe.intermediate.manifest" /MANIFESTUAC:"level='asInvoker' uiAccess='false'" /DEBUG /PDB:"D:\KPI\семестр 3\ООП\Laba_1\Debug\Laba_1.pdb" /SUBSYSTEM:CONSOLE /TLBID:1 /DYNAMICBASE /NXCOMPAT /IMPLIB:"D:\KPI\семестр 3\ООП\Laba_1\Debug\Laba_1.lib" /MACHINE:X86 Debug\Laba_1.exe.embed.manifest.res
         Debug\golmain.obj
         Debug\Program_1.obj
     1>LINK : fatal error LNK1123: сбой при преобразовании в COFF: файл недопустим или поврежден
     1>Построение проекта "D:\KPI\семестр 3\ООП\Laba_1\Laba_1\Laba_1.vcxproj" завершено (целевые объекты build) с ошибкой.

СБОЙ построения.

Затраченное время: 00:00:00.85
