C:\USERS\IVAN\DOCUMENTS\LABA_1\DEBUG\LABA_1.EXE
C:\USERS\IVAN\DOCUMENTS\LABA_1\DEBUG\LABA_1.ILK
C:\USERS\IVAN\DOCUMENTS\LABA_1\DEBUG\LABA_1.PDB
C:\Users\Ivan\Documents\Laba_1\Laba_1\Debug\cl.command.1.tlog
C:\Users\Ivan\Documents\Laba_1\Laba_1\Debug\CL.read.1.tlog
C:\Users\Ivan\Documents\Laba_1\Laba_1\Debug\CL.write.1.tlog
C:\USERS\IVAN\DOCUMENTS\LABA_1\LABA_1\DEBUG\GOLMAIN.OBJ
C:\USERS\IVAN\DOCUMENTS\LABA_1\LABA_1\DEBUG\LABA_1.EXE.EMBED.MANIFEST
C:\USERS\IVAN\DOCUMENTS\LABA_1\LABA_1\DEBUG\LABA_1.EXE.EMBED.MANIFEST.RES
C:\USERS\IVAN\DOCUMENTS\LABA_1\LABA_1\DEBUG\LABA_1.EXE.INTERMEDIATE.MANIFEST
C:\Users\Ivan\Documents\Laba_1\Laba_1\Debug\Laba_1.write.1.tlog
C:\Users\Ivan\Documents\Laba_1\Laba_1\Debug\Laba_1_manifest.rc
C:\Users\Ivan\Documents\Laba_1\Laba_1\Debug\link.5924.read.1.tlog
C:\Users\Ivan\Documents\Laba_1\Laba_1\Debug\link.5924.write.1.tlog
C:\Users\Ivan\Documents\Laba_1\Laba_1\Debug\link.5924-cvtres.read.1.tlog
C:\Users\Ivan\Documents\Laba_1\Laba_1\Debug\link.5924-cvtres.write.1.tlog
C:\Users\Ivan\Documents\Laba_1\Laba_1\Debug\link.command.1.tlog
C:\Users\Ivan\Documents\Laba_1\Laba_1\Debug\link.read.1.tlog
C:\Users\Ivan\Documents\Laba_1\Laba_1\Debug\link.write.1.tlog
C:\Users\Ivan\Documents\Laba_1\Laba_1\Debug\link-cvtres.read.1.tlog
C:\Users\Ivan\Documents\Laba_1\Laba_1\Debug\link-cvtres.write.1.tlog
C:\Users\Ivan\Documents\Laba_1\Laba_1\Debug\mt.command.1.tlog
C:\Users\Ivan\Documents\Laba_1\Laba_1\Debug\mt.read.1.tlog
C:\Users\Ivan\Documents\Laba_1\Laba_1\Debug\mt.write.1.tlog
C:\USERS\IVAN\DOCUMENTS\LABA_1\LABA_1\DEBUG\PROGRAM_1.OBJ
C:\Users\Ivan\Documents\Laba_1\Laba_1\Debug\rc.command.1.tlog
C:\Users\Ivan\Documents\Laba_1\Laba_1\Debug\rc.read.1.tlog
C:\Users\Ivan\Documents\Laba_1\Laba_1\Debug\rc.write.1.tlog
C:\Users\Ivan\Documents\Laba_1\Laba_1\Debug\vc100.idb
C:\USERS\IVAN\DOCUMENTS\LABA_1\LABA_1\DEBUG\VC100.PDB
