C:\Users\Ivan\Documents\Laba_1_2\Debug\Laba_1_2.pdb
C:\Users\Ivan\Documents\Laba_1_2\Laba_1_2\Debug\cl.command.1.tlog
C:\Users\Ivan\Documents\Laba_1_2\Laba_1_2\Debug\CL.read.1.tlog
C:\Users\Ivan\Documents\Laba_1_2\Laba_1_2\Debug\CL.write.1.tlog
C:\USERS\IVAN\DOCUMENTS\LABA_1_2\LABA_1_2\DEBUG\FUNCTION.OBJ
C:\USERS\IVAN\DOCUMENTS\LABA_1_2\LABA_1_2\DEBUG\LABA_1_2.EXE.EMBED.MANIFEST
C:\USERS\IVAN\DOCUMENTS\LABA_1_2\LABA_1_2\DEBUG\LABA_1_2.EXE.EMBED.MANIFEST.RES
C:\Users\Ivan\Documents\Laba_1_2\Laba_1_2\Debug\Laba_1_2.exe.intermediate.manifest
C:\Users\Ivan\Documents\Laba_1_2\Laba_1_2\Debug\Laba_1_2.vcxprojResolveAssemblyReference.cache
C:\Users\Ivan\Documents\Laba_1_2\Laba_1_2\Debug\Laba_1_2.write.1.tlog
C:\Users\Ivan\Documents\Laba_1_2\Laba_1_2\Debug\Laba_1_2_manifest.rc
C:\Users\Ivan\Documents\Laba_1_2\Laba_1_2\Debug\link.1856.read.1.tlog
C:\Users\Ivan\Documents\Laba_1_2\Laba_1_2\Debug\link.1856.write.1.tlog
C:\Users\Ivan\Documents\Laba_1_2\Laba_1_2\Debug\link.1856-cvtres.read.1.tlog
C:\Users\Ivan\Documents\Laba_1_2\Laba_1_2\Debug\link.1856-cvtres.write.1.tlog
C:\Users\Ivan\Documents\Laba_1_2\Laba_1_2\Debug\link.3028.read.1.tlog
C:\Users\Ivan\Documents\Laba_1_2\Laba_1_2\Debug\link.3028.write.1.tlog
C:\Users\Ivan\Documents\Laba_1_2\Laba_1_2\Debug\link.3028-cvtres.read.1.tlog
C:\Users\Ivan\Documents\Laba_1_2\Laba_1_2\Debug\link.3028-cvtres.write.1.tlog
C:\Users\Ivan\Documents\Laba_1_2\Laba_1_2\Debug\link.command.1.tlog
C:\Users\Ivan\Documents\Laba_1_2\Laba_1_2\Debug\link.read.1.tlog
C:\Users\Ivan\Documents\Laba_1_2\Laba_1_2\Debug\link.write.1.tlog
C:\Users\Ivan\Documents\Laba_1_2\Laba_1_2\Debug\link-cvtres.read.1.tlog
C:\Users\Ivan\Documents\Laba_1_2\Laba_1_2\Debug\link-cvtres.write.1.tlog
C:\USERS\IVAN\DOCUMENTS\LABA_1_2\LABA_1_2\DEBUG\MAIN.OBJ
C:\Users\Ivan\Documents\Laba_1_2\Laba_1_2\Debug\mt.command.1.tlog
C:\Users\Ivan\Documents\Laba_1_2\Laba_1_2\Debug\mt.read.1.tlog
C:\Users\Ivan\Documents\Laba_1_2\Laba_1_2\Debug\mt.write.1.tlog
C:\Users\Ivan\Documents\Laba_1_2\Laba_1_2\Debug\rc.command.1.tlog
C:\Users\Ivan\Documents\Laba_1_2\Laba_1_2\Debug\rc.read.1.tlog
C:\Users\Ivan\Documents\Laba_1_2\Laba_1_2\Debug\rc.write.1.tlog
C:\Users\Ivan\Documents\Laba_1_2\Laba_1_2\Debug\vc100.idb
C:\USERS\IVAN\DOCUMENTS\LABA_1_2\LABA_1_2\DEBUG\VC100.PDB
